<?xml version="1.0" encoding="UTF-8"?>
<testsuite name="org.example.TailTest" tests="1" skipped="0" failures="0" errors="0" timestamp="2023-04-21T14:21:23" hostname="ALEXANDRVYSOTSK" time="0.037">
  <properties/>
  <testcase name="testTail4()" classname="org.example.TailTest" time="0.037"/>
  <system-out><![CDATA[]]></system-out>
  <system-err><![CDATA[]]></system-err>
</testsuite>
